 plgrid/tools/gcc/4.9.2 loaded.
 plgrid/tools/java7/oracle/1.7.0_51 loaded.
 plgrid/tools/openmpi/1.10.2-gnu-4.9.2-ib loaded.
Traceback (most recent call last):
  File "/software/local/modules.lmod/cyfronet/appcounting.py", line 197, in <module>
    main()
  File "/software/local/modules.lmod/cyfronet/appcounting.py", line 176, in main
    messages.extend(restore_messages())
  File "/software/local/modules.lmod/cyfronet/appcounting.py", line 82, in restore_messages
    for line in f:
IOError: [Errno 116] Stale file handle
mpicc -o compute_pi.x compute_pi.c
mpiexec -np 12 ./compute_pi.x 17500000000 2>/dev/null
64.336649	mpiexec -np 11 ./compute_pi.x 17500000000 2>/dev/null
69.984449	mpiexec -np 10 ./compute_pi.x 17500000000 2>/dev/null
76.079504	mpiexec -np 9 ./compute_pi.x 17500000000 2>/dev/null
84.627429	mpiexec -np 8 ./compute_pi.x 17500000000 2>/dev/null
138.557950	mpiexec -np 7 ./compute_pi.x 17500000000 2>/dev/null
109.350335	mpiexec -np 6 ./compute_pi.x 17500000000 2>/dev/null
151.644789	mpiexec -np 5 ./compute_pi.x 17500000000 2>/dev/null
155.550147	mpiexec -np 4 ./compute_pi.x 17500000000 2>/dev/null
186.482487	mpiexec -np 3 ./compute_pi.x 17500000000 2>/dev/null
248.759332	mpiexec -np 2 ./compute_pi.x 17500000000 2>/dev/null
368.727367	mpiexec -np 1 ./compute_pi.x 17500000000 2>/dev/null
731.340827	mpiexec -np 12 ./compute_pi.x 21000000000 2>/dev/null
77.665792	mpiexec -np 11 ./compute_pi.x 19250000000 2>/dev/null
77.877739	mpiexec -np 10 ./compute_pi.x 17500000000 2>/dev/null
79.678844	mpiexec -np 9 ./compute_pi.x 15750000000 2>/dev/null
77.712517	mpiexec -np 8 ./compute_pi.x 14000000000 2>/dev/null
76.829257	mpiexec -np 7 ./compute_pi.x 12250000000 2>/dev/null
76.694299	mpiexec -np 6 ./compute_pi.x 10500000000 2>/dev/null
77.792564	mpiexec -np 5 ./compute_pi.x 8750000000 2>/dev/null
76.191298	mpiexec -np 4 ./compute_pi.x 7000000000 2>/dev/null
73.266358	mpiexec -np 3 ./compute_pi.x 5250000000 2>/dev/null
73.866720	mpiexec -np 2 ./compute_pi.x 3500000000 2>/dev/null
73.990913	mpiexec -np 1 ./compute_pi.x 1750000000 2>/dev/null
72.639765	mpiexec -np 12 ./compute_pi.x 700000000 2>/dev/null
3.644681	mpiexec -np 11 ./compute_pi.x 700000000 2>/dev/null
2.821290	mpiexec -np 10 ./compute_pi.x 700000000 2>/dev/null
3.044812	mpiexec -np 9 ./compute_pi.x 700000000 2>/dev/null
3.389546	mpiexec -np 8 ./compute_pi.x 700000000 2>/dev/null
3.991573	mpiexec -np 7 ./compute_pi.x 700000000 2>/dev/null
4.351334	mpiexec -np 6 ./compute_pi.x 700000000 2>/dev/null
5.075916	mpiexec -np 5 ./compute_pi.x 700000000 2>/dev/null
6.098345	mpiexec -np 4 ./compute_pi.x 700000000 2>/dev/null
7.328947	mpiexec -np 3 ./compute_pi.x 700000000 2>/dev/null
9.926291	mpiexec -np 2 ./compute_pi.x 700000000 2>/dev/null
14.846410	mpiexec -np 1 ./compute_pi.x 700000000 2>/dev/null
29.143446	mpiexec -np 12 ./compute_pi.x 840000000 2>/dev/null
3.105300	mpiexec -np 11 ./compute_pi.x 770000000 2>/dev/null
3.059797	mpiexec -np 10 ./compute_pi.x 700000000 2>/dev/null
3.045962	mpiexec -np 9 ./compute_pi.x 630000000 2>/dev/null
3.049815	mpiexec -np 8 ./compute_pi.x 560000000 2>/dev/null
3.053549	mpiexec -np 7 ./compute_pi.x 490000000 2>/dev/null
3.191049	mpiexec -np 6 ./compute_pi.x 420000000 2>/dev/null
3.049132	mpiexec -np 5 ./compute_pi.x 350000000 2>/dev/null
3.048346	mpiexec -np 4 ./compute_pi.x 280000000 2>/dev/null
2.928715	mpiexec -np 3 ./compute_pi.x 210000000 2>/dev/null
3.015172	mpiexec -np 2 ./compute_pi.x 140000000 2>/dev/null
2.957955	mpiexec -np 1 ./compute_pi.x 70000000 2>/dev/null
2.906570	mpiexec -np 12 ./compute_pi.x 1500000 2>/dev/null
0.005488	mpiexec -np 11 ./compute_pi.x 1500000 2>/dev/null
0.006132	mpiexec -np 10 ./compute_pi.x 1500000 2>/dev/null
0.006561	mpiexec -np 9 ./compute_pi.x 1500000 2>/dev/null
0.007364	mpiexec -np 8 ./compute_pi.x 1500000 2>/dev/null
0.008211	mpiexec -np 7 ./compute_pi.x 1500000 2>/dev/null
0.009373	mpiexec -np 6 ./compute_pi.x 1500000 2>/dev/null
0.010995	mpiexec -np 5 ./compute_pi.x 1500000 2>/dev/null
0.013356	mpiexec -np 4 ./compute_pi.x 1500000 2>/dev/null
0.016551	mpiexec -np 3 ./compute_pi.x 1500000 2>/dev/null
0.020949	mpiexec -np 2 ./compute_pi.x 1500000 2>/dev/null
0.045185	mpiexec -np 1 ./compute_pi.x 1500000 2>/dev/null
0.062295	mpiexec -np 12 ./compute_pi.x 18000000 2>/dev/null
0.066682	mpiexec -np 11 ./compute_pi.x 16500000 2>/dev/null
0.065750	mpiexec -np 10 ./compute_pi.x 15000000 2>/dev/null
0.066991	mpiexec -np 9 ./compute_pi.x 13500000 2>/dev/null
0.065405	mpiexec -np 8 ./compute_pi.x 12000000 2>/dev/null
0.065458	mpiexec -np 7 ./compute_pi.x 10500000 2>/dev/null
0.065336	mpiexec -np 6 ./compute_pi.x 9000000 2>/dev/null
0.067614	mpiexec -np 5 ./compute_pi.x 7500000 2>/dev/null
0.083276	mpiexec -np 4 ./compute_pi.x 6000000 2>/dev/null
0.063159	mpiexec -np 3 ./compute_pi.x 4500000 2>/dev/null
0.063442	mpiexec -np 2 ./compute_pi.x 3000000 2>/dev/null
0.062466	mpiexec -np 1 ./compute_pi.x 1500000 2>/dev/null
0.062295	