 plgrid/tools/gcc/4.9.2 loaded.
 plgrid/tools/java7/oracle/1.7.0_51 loaded.
 plgrid/tools/openmpi/1.10.2-gnu-4.9.2-ib loaded.
mpicc -o compute_pi.x compute_pi.c
mpiexec -np 12 ./compute_pi.x 17500000000 2>/dev/null
63.371606	mpiexec -np 11 ./compute_pi.x 17500000000 2>/dev/null
70.065427	mpiexec -np 10 ./compute_pi.x 17500000000 2>/dev/null
76.031648	mpiexec -np 9 ./compute_pi.x 17500000000 2>/dev/null
86.542046	mpiexec -np 8 ./compute_pi.x 17500000000 2>/dev/null
97.376614	mpiexec -np 7 ./compute_pi.x 17500000000 2>/dev/null
111.291460	mpiexec -np 6 ./compute_pi.x 17500000000 2>/dev/null
131.546761	mpiexec -np 5 ./compute_pi.x 17500000000 2>/dev/null
152.278976	mpiexec -np 4 ./compute_pi.x 17500000000 2>/dev/null
184.630883	mpiexec -np 3 ./compute_pi.x 17500000000 2>/dev/null
297.663426	mpiexec -np 2 ./compute_pi.x 17500000000 2>/dev/null
370.782843	mpiexec -np 1 ./compute_pi.x 17500000000 2>/dev/null
726.853121	mpiexec -np 12 ./compute_pi.x 21000000000 2>/dev/null
76.026452	mpiexec -np 11 ./compute_pi.x 19250000000 2>/dev/null
77.897563	mpiexec -np 10 ./compute_pi.x 17500000000 2>/dev/null
76.175737	mpiexec -np 9 ./compute_pi.x 15750000000 2>/dev/null
76.223579	mpiexec -np 8 ./compute_pi.x 14000000000 2>/dev/null
76.100806	mpiexec -np 7 ./compute_pi.x 12250000000 2>/dev/null
76.124400	mpiexec -np 6 ./compute_pi.x 10500000000 2>/dev/null
77.387704	mpiexec -np 5 ./compute_pi.x 8750000000 2>/dev/null
76.258373	mpiexec -np 4 ./compute_pi.x 7000000000 2>/dev/null
73.753417	mpiexec -np 3 ./compute_pi.x 5250000000 2>/dev/null
74.744271	mpiexec -np 2 ./compute_pi.x 3500000000 2>/dev/null
74.317705	mpiexec -np 1 ./compute_pi.x 1750000000 2>/dev/null
72.688643	mpiexec -np 12 ./compute_pi.x 700000000 2>/dev/null
2.592859	mpiexec -np 11 ./compute_pi.x 700000000 2>/dev/null
2.774609	mpiexec -np 10 ./compute_pi.x 700000000 2>/dev/null
3.049204	mpiexec -np 9 ./compute_pi.x 700000000 2>/dev/null
3.383772	mpiexec -np 8 ./compute_pi.x 700000000 2>/dev/null
3.804977	mpiexec -np 7 ./compute_pi.x 700000000 2>/dev/null
4.488399	mpiexec -np 6 ./compute_pi.x 700000000 2>/dev/null
5.142318	mpiexec -np 5 ./compute_pi.x 700000000 2>/dev/null
6.093611	mpiexec -np 4 ./compute_pi.x 700000000 2>/dev/null
7.482862	mpiexec -np 3 ./compute_pi.x 700000000 2>/dev/null
9.922212	mpiexec -np 2 ./compute_pi.x 700000000 2>/dev/null
14.772520	mpiexec -np 1 ./compute_pi.x 700000000 2>/dev/null
29.858389	mpiexec -np 12 ./compute_pi.x 840000000 2>/dev/null
3.116092	mpiexec -np 11 ./compute_pi.x 770000000 2>/dev/null
3.062097	mpiexec -np 10 ./compute_pi.x 700000000 2>/dev/null
3.089843	mpiexec -np 9 ./compute_pi.x 630000000 2>/dev/null
3.060932	mpiexec -np 8 ./compute_pi.x 560000000 2>/dev/null
3.047047	mpiexec -np 7 ./compute_pi.x 490000000 2>/dev/null
3.047797	mpiexec -np 6 ./compute_pi.x 420000000 2>/dev/null
3.627234	mpiexec -np 5 ./compute_pi.x 350000000 2>/dev/null
3.106383	mpiexec -np 4 ./compute_pi.x 280000000 2>/dev/null
2.964876	mpiexec -np 3 ./compute_pi.x 210000000 2>/dev/null
3.009087	mpiexec -np 2 ./compute_pi.x 140000000 2>/dev/null
2.929183	mpiexec -np 1 ./compute_pi.x 70000000 2>/dev/null
2.906495	mpiexec -np 12 ./compute_pi.x 1500000 2>/dev/null
0.005474	mpiexec -np 11 ./compute_pi.x 1500000 2>/dev/null
0.006028	mpiexec -np 10 ./compute_pi.x 1500000 2>/dev/null
0.006617	mpiexec -np 9 ./compute_pi.x 1500000 2>/dev/null
0.007311	mpiexec -np 8 ./compute_pi.x 1500000 2>/dev/null
0.008225	mpiexec -np 7 ./compute_pi.x 1500000 2>/dev/null
0.009482	mpiexec -np 6 ./compute_pi.x 1500000 2>/dev/null
0.010964	mpiexec -np 5 ./compute_pi.x 1500000 2>/dev/null
0.013144	mpiexec -np 4 ./compute_pi.x 1500000 2>/dev/null
0.016221	mpiexec -np 3 ./compute_pi.x 1500000 2>/dev/null
0.021607	mpiexec -np 2 ./compute_pi.x 1500000 2>/dev/null
0.032913	mpiexec -np 1 ./compute_pi.x 1500000 2>/dev/null
0.062151	mpiexec -np 12 ./compute_pi.x 18000000 2>/dev/null
0.066607	mpiexec -np 11 ./compute_pi.x 16500000 2>/dev/null
0.067180	mpiexec -np 10 ./compute_pi.x 15000000 2>/dev/null
0.065444	mpiexec -np 9 ./compute_pi.x 13500000 2>/dev/null
0.066009	mpiexec -np 8 ./compute_pi.x 12000000 2>/dev/null
0.066693	mpiexec -np 7 ./compute_pi.x 10500000 2>/dev/null
0.065542	mpiexec -np 6 ./compute_pi.x 9000000 2>/dev/null
0.065663	mpiexec -np 5 ./compute_pi.x 7500000 2>/dev/null
0.066073	mpiexec -np 4 ./compute_pi.x 6000000 2>/dev/null
0.065626	mpiexec -np 3 ./compute_pi.x 4500000 2>/dev/null
0.063534	mpiexec -np 2 ./compute_pi.x 3000000 2>/dev/null
0.062924	mpiexec -np 1 ./compute_pi.x 1500000 2>/dev/null
0.062482	