 plgrid/tools/gcc/4.9.2 loaded.
 plgrid/tools/java7/oracle/1.7.0_51 loaded.
 plgrid/tools/openmpi/1.10.2-gnu-4.9.2-ib loaded.
mpicc -o compute_pi.x compute_pi.c
mpiexec -np 12 ./compute_pi.x 17500000000 2>/dev/null
63.399433	mpiexec -np 11 ./compute_pi.x 17500000000 2>/dev/null
70.657713	mpiexec -np 10 ./compute_pi.x 17500000000 2>/dev/null
77.199277	mpiexec -np 9 ./compute_pi.x 17500000000 2>/dev/null
86.252957	mpiexec -np 8 ./compute_pi.x 17500000000 2>/dev/null
97.118419	mpiexec -np 7 ./compute_pi.x 17500000000 2>/dev/null
111.287860	mpiexec -np 6 ./compute_pi.x 17500000000 2>/dev/null
126.953341	mpiexec -np 5 ./compute_pi.x 17500000000 2>/dev/null
152.625943	mpiexec -np 4 ./compute_pi.x 17500000000 2>/dev/null
182.571679	mpiexec -np 3 ./compute_pi.x 17500000000 2>/dev/null
245.786460	mpiexec -np 2 ./compute_pi.x 17500000000 2>/dev/null
371.500501	mpiexec -np 1 ./compute_pi.x 17500000000 2>/dev/null
726.205338	mpiexec -np 12 ./compute_pi.x 21000000000 2>/dev/null
76.736100	mpiexec -np 11 ./compute_pi.x 19250000000 2>/dev/null
77.723656	mpiexec -np 10 ./compute_pi.x 17500000000 2>/dev/null
76.177002	mpiexec -np 9 ./compute_pi.x 15750000000 2>/dev/null
76.077412	mpiexec -np 8 ./compute_pi.x 14000000000 2>/dev/null
76.187909	mpiexec -np 7 ./compute_pi.x 12250000000 2>/dev/null
76.205476	mpiexec -np 6 ./compute_pi.x 10500000000 2>/dev/null
76.219744	mpiexec -np 5 ./compute_pi.x 8750000000 2>/dev/null
76.225379	mpiexec -np 4 ./compute_pi.x 7000000000 2>/dev/null
73.190694	mpiexec -np 3 ./compute_pi.x 5250000000 2>/dev/null
74.285552	mpiexec -np 2 ./compute_pi.x 3500000000 2>/dev/null
73.617521	mpiexec -np 1 ./compute_pi.x 1750000000 2>/dev/null
72.622998	mpiexec -np 12 ./compute_pi.x 700000000 2>/dev/null
2.656775	mpiexec -np 11 ./compute_pi.x 700000000 2>/dev/null
2.779794	mpiexec -np 10 ./compute_pi.x 700000000 2>/dev/null
3.044067	mpiexec -np 9 ./compute_pi.x 700000000 2>/dev/null
3.454798	mpiexec -np 8 ./compute_pi.x 700000000 2>/dev/null
3.902596	mpiexec -np 7 ./compute_pi.x 700000000 2>/dev/null
4.356282	mpiexec -np 6 ./compute_pi.x 700000000 2>/dev/null
5.084664	mpiexec -np 5 ./compute_pi.x 700000000 2>/dev/null
6.099858	mpiexec -np 4 ./compute_pi.x 700000000 2>/dev/null
7.319574	mpiexec -np 3 ./compute_pi.x 700000000 2>/dev/null
9.811687	mpiexec -np 2 ./compute_pi.x 700000000 2>/dev/null
14.690518	mpiexec -np 1 ./compute_pi.x 700000000 2>/dev/null
29.046744	mpiexec -np 12 ./compute_pi.x 840000000 2>/dev/null
3.086071	mpiexec -np 11 ./compute_pi.x 770000000 2>/dev/null
3.118973	mpiexec -np 10 ./compute_pi.x 700000000 2>/dev/null
3.067854	mpiexec -np 9 ./compute_pi.x 630000000 2>/dev/null
3.046511	mpiexec -np 8 ./compute_pi.x 560000000 2>/dev/null
3.114387	mpiexec -np 7 ./compute_pi.x 490000000 2>/dev/null
3.049218	mpiexec -np 6 ./compute_pi.x 420000000 2>/dev/null
3.117587	mpiexec -np 5 ./compute_pi.x 350000000 2>/dev/null
3.628986	mpiexec -np 4 ./compute_pi.x 280000000 2>/dev/null
2.984178	mpiexec -np 3 ./compute_pi.x 210000000 2>/dev/null
2.982652	mpiexec -np 2 ./compute_pi.x 140000000 2>/dev/null
2.981198	mpiexec -np 1 ./compute_pi.x 70000000 2>/dev/null
2.911107	mpiexec -np 12 ./compute_pi.x 1500000 2>/dev/null
0.005472	mpiexec -np 11 ./compute_pi.x 1500000 2>/dev/null
0.006091	mpiexec -np 10 ./compute_pi.x 1500000 2>/dev/null
0.006630	mpiexec -np 9 ./compute_pi.x 1500000 2>/dev/null
0.007318	mpiexec -np 8 ./compute_pi.x 1500000 2>/dev/null
0.008241	mpiexec -np 7 ./compute_pi.x 1500000 2>/dev/null
0.009363	mpiexec -np 6 ./compute_pi.x 1500000 2>/dev/null
0.010942	mpiexec -np 5 ./compute_pi.x 1500000 2>/dev/null
0.013082	mpiexec -np 4 ./compute_pi.x 1500000 2>/dev/null
0.015797	mpiexec -np 3 ./compute_pi.x 1500000 2>/dev/null
0.021178	mpiexec -np 2 ./compute_pi.x 1500000 2>/dev/null
0.031629	mpiexec -np 1 ./compute_pi.x 1500000 2>/dev/null
0.062384	mpiexec -np 12 ./compute_pi.x 18000000 2>/dev/null
0.065336	mpiexec -np 11 ./compute_pi.x 16500000 2>/dev/null
0.066687	mpiexec -np 10 ./compute_pi.x 15000000 2>/dev/null
0.066083	mpiexec -np 9 ./compute_pi.x 13500000 2>/dev/null
0.065411	mpiexec -np 8 ./compute_pi.x 12000000 2>/dev/null
0.065481	mpiexec -np 7 ./compute_pi.x 10500000 2>/dev/null
0.065529	mpiexec -np 6 ./compute_pi.x 9000000 2>/dev/null
0.065593	mpiexec -np 5 ./compute_pi.x 7500000 2>/dev/null
0.065513	mpiexec -np 4 ./compute_pi.x 6000000 2>/dev/null
0.062937	mpiexec -np 3 ./compute_pi.x 4500000 2>/dev/null
0.066569	mpiexec -np 2 ./compute_pi.x 3000000 2>/dev/null
0.063539	mpiexec -np 1 ./compute_pi.x 1500000 2>/dev/null
0.062297	