 plgrid/tools/gcc/4.9.2 loaded.
 plgrid/tools/java7/oracle/1.7.0_51 loaded.
 plgrid/tools/openmpi/1.10.2-gnu-4.9.2-ib loaded.
mpicc -o compute_pi.x compute_pi.c
mpiexec -np 12 ./compute_pi.x 17500000000 2>/dev/null
66.399338	mpiexec -np 11 ./compute_pi.x 17500000000 2>/dev/null
71.559324	mpiexec -np 10 ./compute_pi.x 17500000000 2>/dev/null
76.052900	mpiexec -np 9 ./compute_pi.x 17500000000 2>/dev/null
84.636722	mpiexec -np 8 ./compute_pi.x 17500000000 2>/dev/null
96.299366	mpiexec -np 7 ./compute_pi.x 17500000000 2>/dev/null
108.814404	mpiexec -np 6 ./compute_pi.x 17500000000 2>/dev/null
127.124391	mpiexec -np 5 ./compute_pi.x 17500000000 2>/dev/null
152.363216	mpiexec -np 4 ./compute_pi.x 17500000000 2>/dev/null
183.022904	mpiexec -np 3 ./compute_pi.x 17500000000 2>/dev/null
245.673235	mpiexec -np 2 ./compute_pi.x 17500000000 2>/dev/null
368.129280	mpiexec -np 1 ./compute_pi.x 17500000000 2>/dev/null
726.850592	mpiexec -np 12 ./compute_pi.x 21000000000 2>/dev/null
76.802044	mpiexec -np 11 ./compute_pi.x 19250000000 2>/dev/null
78.008155	mpiexec -np 10 ./compute_pi.x 17500000000 2>/dev/null
76.211962	mpiexec -np 9 ./compute_pi.x 15750000000 2>/dev/null
77.193082	mpiexec -np 8 ./compute_pi.x 14000000000 2>/dev/null
77.745676	mpiexec -np 7 ./compute_pi.x 12250000000 2>/dev/null
77.865588	mpiexec -np 6 ./compute_pi.x 10500000000 2>/dev/null
77.631208	mpiexec -np 5 ./compute_pi.x 8750000000 2>/dev/null
76.412656	mpiexec -np 4 ./compute_pi.x 7000000000 2>/dev/null
73.274616	mpiexec -np 3 ./compute_pi.x 5250000000 2>/dev/null
73.613382	mpiexec -np 2 ./compute_pi.x 3500000000 2>/dev/null
73.665401	mpiexec -np 1 ./compute_pi.x 1750000000 2>/dev/null
74.311763	mpiexec -np 12 ./compute_pi.x 700000000 2>/dev/null
2.570655	mpiexec -np 11 ./compute_pi.x 700000000 2>/dev/null
2.829603	mpiexec -np 10 ./compute_pi.x 700000000 2>/dev/null
3.045360	mpiexec -np 9 ./compute_pi.x 700000000 2>/dev/null
3.406801	mpiexec -np 8 ./compute_pi.x 700000000 2>/dev/null
3.806356	mpiexec -np 7 ./compute_pi.x 700000000 2>/dev/null
4.353736	mpiexec -np 6 ./compute_pi.x 700000000 2>/dev/null
5.093555	mpiexec -np 5 ./compute_pi.x 700000000 2>/dev/null
6.103203	mpiexec -np 4 ./compute_pi.x 700000000 2>/dev/null
7.314108	mpiexec -np 3 ./compute_pi.x 700000000 2>/dev/null
9.722185	mpiexec -np 2 ./compute_pi.x 700000000 2>/dev/null
14.763028	mpiexec -np 1 ./compute_pi.x 700000000 2>/dev/null
28.922356	mpiexec -np 12 ./compute_pi.x 840000000 2>/dev/null
3.105628	mpiexec -np 11 ./compute_pi.x 770000000 2>/dev/null
3.056486	mpiexec -np 10 ./compute_pi.x 700000000 2>/dev/null
3.046668	mpiexec -np 9 ./compute_pi.x 630000000 2>/dev/null
3.044917	mpiexec -np 8 ./compute_pi.x 560000000 2>/dev/null
3.050401	mpiexec -np 7 ./compute_pi.x 490000000 2>/dev/null
3.047783	mpiexec -np 6 ./compute_pi.x 420000000 2>/dev/null
3.086440	mpiexec -np 5 ./compute_pi.x 350000000 2>/dev/null
3.048279	mpiexec -np 4 ./compute_pi.x 280000000 2>/dev/null
2.925639	mpiexec -np 3 ./compute_pi.x 210000000 2>/dev/null
4.692002	mpiexec -np 2 ./compute_pi.x 140000000 2>/dev/null
2.936635	mpiexec -np 1 ./compute_pi.x 70000000 2>/dev/null
2.898433	mpiexec -np 12 ./compute_pi.x 1500000 2>/dev/null
0.007312	mpiexec -np 11 ./compute_pi.x 1500000 2>/dev/null
0.005963	mpiexec -np 10 ./compute_pi.x 1500000 2>/dev/null
0.006826	mpiexec -np 9 ./compute_pi.x 1500000 2>/dev/null
0.007335	mpiexec -np 8 ./compute_pi.x 1500000 2>/dev/null
0.008275	mpiexec -np 7 ./compute_pi.x 1500000 2>/dev/null
0.009474	mpiexec -np 6 ./compute_pi.x 1500000 2>/dev/null
0.010999	mpiexec -np 5 ./compute_pi.x 1500000 2>/dev/null
0.013346	mpiexec -np 4 ./compute_pi.x 1500000 2>/dev/null
0.015754	mpiexec -np 3 ./compute_pi.x 1500000 2>/dev/null
0.021119	mpiexec -np 2 ./compute_pi.x 1500000 2>/dev/null
0.031641	mpiexec -np 1 ./compute_pi.x 1500000 2>/dev/null
0.062536	mpiexec -np 12 ./compute_pi.x 18000000 2>/dev/null
0.065317	mpiexec -np 11 ./compute_pi.x 16500000 2>/dev/null
0.066825	mpiexec -np 10 ./compute_pi.x 15000000 2>/dev/null
0.065490	mpiexec -np 9 ./compute_pi.x 13500000 2>/dev/null
0.065417	mpiexec -np 8 ./compute_pi.x 12000000 2>/dev/null
0.065454	mpiexec -np 7 ./compute_pi.x 10500000 2>/dev/null
0.065457	mpiexec -np 6 ./compute_pi.x 9000000 2>/dev/null
0.065739	mpiexec -np 5 ./compute_pi.x 7500000 2>/dev/null
0.065478	mpiexec -np 4 ./compute_pi.x 6000000 2>/dev/null
0.063770	mpiexec -np 3 ./compute_pi.x 4500000 2>/dev/null
0.063507	mpiexec -np 2 ./compute_pi.x 3000000 2>/dev/null
0.063013	mpiexec -np 1 ./compute_pi.x 1500000 2>/dev/null
0.062308	