 plgrid/tools/gcc/4.9.2 loaded.
 plgrid/tools/java7/oracle/1.7.0_51 loaded.
 plgrid/tools/openmpi/1.10.2-gnu-4.9.2-ib loaded.
mpicc -o compute_pi.x compute_pi.c
mpiexec -np 12 ./compute_pi.x 17500000000 2>/dev/null
63.374590	mpiexec -np 11 ./compute_pi.x 17500000000 2>/dev/null
70.868792	mpiexec -np 10 ./compute_pi.x 17500000000 2>/dev/null
77.679344	mpiexec -np 9 ./compute_pi.x 17500000000 2>/dev/null
84.633087	mpiexec -np 8 ./compute_pi.x 17500000000 2>/dev/null
95.167253	mpiexec -np 7 ./compute_pi.x 17500000000 2>/dev/null
111.272893	mpiexec -np 6 ./compute_pi.x 17500000000 2>/dev/null
127.011760	mpiexec -np 5 ./compute_pi.x 17500000000 2>/dev/null
152.467832	mpiexec -np 4 ./compute_pi.x 17500000000 2>/dev/null
182.430101	mpiexec -np 3 ./compute_pi.x 17500000000 2>/dev/null
244.281186	mpiexec -np 2 ./compute_pi.x 17500000000 2>/dev/null
369.927575	mpiexec -np 1 ./compute_pi.x 17500000000 2>/dev/null
735.916865	mpiexec -np 12 ./compute_pi.x 21000000000 2>/dev/null
77.204978	mpiexec -np 11 ./compute_pi.x 19250000000 2>/dev/null
76.665979	mpiexec -np 10 ./compute_pi.x 17500000000 2>/dev/null
76.100862	mpiexec -np 9 ./compute_pi.x 15750000000 2>/dev/null
76.159234	mpiexec -np 8 ./compute_pi.x 14000000000 2>/dev/null
76.789867	mpiexec -np 7 ./compute_pi.x 12250000000 2>/dev/null
90.365553	mpiexec -np 6 ./compute_pi.x 10500000000 2>/dev/null
76.247719	mpiexec -np 5 ./compute_pi.x 8750000000 2>/dev/null
76.567651	mpiexec -np 4 ./compute_pi.x 7000000000 2>/dev/null
73.716097	mpiexec -np 3 ./compute_pi.x 5250000000 2>/dev/null
73.580384	mpiexec -np 2 ./compute_pi.x 3500000000 2>/dev/null
73.769527	mpiexec -np 1 ./compute_pi.x 1750000000 2>/dev/null
72.720548	mpiexec -np 12 ./compute_pi.x 700000000 2>/dev/null
2.538864	mpiexec -np 11 ./compute_pi.x 700000000 2>/dev/null
2.836238	mpiexec -np 10 ./compute_pi.x 700000000 2>/dev/null
3.176589	mpiexec -np 9 ./compute_pi.x 700000000 2>/dev/null
3.386327	mpiexec -np 8 ./compute_pi.x 700000000 2>/dev/null
3.905089	mpiexec -np 7 ./compute_pi.x 700000000 2>/dev/null
4.352595	mpiexec -np 6 ./compute_pi.x 700000000 2>/dev/null
5.173247	mpiexec -np 5 ./compute_pi.x 700000000 2>/dev/null
6.102041	mpiexec -np 4 ./compute_pi.x 700000000 2>/dev/null
7.385387	mpiexec -np 3 ./compute_pi.x 700000000 2>/dev/null
9.749104	mpiexec -np 2 ./compute_pi.x 700000000 2>/dev/null
14.765515	mpiexec -np 1 ./compute_pi.x 700000000 2>/dev/null
29.063372	mpiexec -np 12 ./compute_pi.x 840000000 2>/dev/null
3.105958	mpiexec -np 11 ./compute_pi.x 770000000 2>/dev/null
3.105574	mpiexec -np 10 ./compute_pi.x 700000000 2>/dev/null
3.044467	mpiexec -np 9 ./compute_pi.x 630000000 2>/dev/null
3.047378	mpiexec -np 8 ./compute_pi.x 560000000 2>/dev/null
3.046680	mpiexec -np 7 ./compute_pi.x 490000000 2>/dev/null
3.120581	mpiexec -np 6 ./compute_pi.x 420000000 2>/dev/null
3.124265	mpiexec -np 5 ./compute_pi.x 350000000 2>/dev/null
3.177928	mpiexec -np 4 ./compute_pi.x 280000000 2>/dev/null
2.928587	mpiexec -np 3 ./compute_pi.x 210000000 2>/dev/null
2.951525	mpiexec -np 2 ./compute_pi.x 140000000 2>/dev/null
2.944403	mpiexec -np 1 ./compute_pi.x 70000000 2>/dev/null
2.906371	mpiexec -np 12 ./compute_pi.x 1500000 2>/dev/null
0.005579	mpiexec -np 11 ./compute_pi.x 1500000 2>/dev/null
0.005989	mpiexec -np 10 ./compute_pi.x 1500000 2>/dev/null
0.006573	mpiexec -np 9 ./compute_pi.x 1500000 2>/dev/null
0.007394	mpiexec -np 8 ./compute_pi.x 1500000 2>/dev/null
0.008352	mpiexec -np 7 ./compute_pi.x 1500000 2>/dev/null
0.009546	mpiexec -np 6 ./compute_pi.x 1500000 2>/dev/null
0.011120	mpiexec -np 5 ./compute_pi.x 1500000 2>/dev/null
0.013205	mpiexec -np 4 ./compute_pi.x 1500000 2>/dev/null
0.016376	mpiexec -np 3 ./compute_pi.x 1500000 2>/dev/null
0.020900	mpiexec -np 2 ./compute_pi.x 1500000 2>/dev/null
0.031652	mpiexec -np 1 ./compute_pi.x 1500000 2>/dev/null
0.062305	mpiexec -np 12 ./compute_pi.x 18000000 2>/dev/null
0.077836	mpiexec -np 11 ./compute_pi.x 16500000 2>/dev/null
0.065697	mpiexec -np 10 ./compute_pi.x 15000000 2>/dev/null
0.065475	mpiexec -np 9 ./compute_pi.x 13500000 2>/dev/null
0.065499	mpiexec -np 8 ./compute_pi.x 12000000 2>/dev/null
0.066027	mpiexec -np 7 ./compute_pi.x 10500000 2>/dev/null
0.065459	mpiexec -np 6 ./compute_pi.x 9000000 2>/dev/null
0.065738	mpiexec -np 5 ./compute_pi.x 7500000 2>/dev/null
0.067111	mpiexec -np 4 ./compute_pi.x 6000000 2>/dev/null
0.063832	mpiexec -np 3 ./compute_pi.x 4500000 2>/dev/null
0.063313	mpiexec -np 2 ./compute_pi.x 3000000 2>/dev/null
0.065123	mpiexec -np 1 ./compute_pi.x 1500000 2>/dev/null
0.062294	