 plgrid/tools/gcc/4.9.2 loaded.
 plgrid/tools/java7/oracle/1.7.0_51 loaded.
 plgrid/tools/openmpi/1.10.2-gnu-4.9.2-ib loaded.
mpicc -o compute_pi.x compute_pi.c
mpiexec -np 12 ./compute_pi.x 17500000000 2>/dev/null
75.927611	mpiexec -np 11 ./compute_pi.x 17500000000 2>/dev/null
71.888910	mpiexec -np 10 ./compute_pi.x 17500000000 2>/dev/null
76.179807	mpiexec -np 9 ./compute_pi.x 17500000000 2>/dev/null
84.585118	mpiexec -np 8 ./compute_pi.x 17500000000 2>/dev/null
95.136269	mpiexec -np 7 ./compute_pi.x 17500000000 2>/dev/null
108.869658	mpiexec -np 6 ./compute_pi.x 17500000000 2>/dev/null
129.447570	mpiexec -np 5 ./compute_pi.x 17500000000 2>/dev/null
152.502617	mpiexec -np 4 ./compute_pi.x 17500000000 2>/dev/null
182.875169	mpiexec -np 3 ./compute_pi.x 17500000000 2>/dev/null
251.861807	mpiexec -np 2 ./compute_pi.x 17500000000 2>/dev/null
367.965739	mpiexec -np 1 ./compute_pi.x 17500000000 2>/dev/null
730.447258	mpiexec -np 12 ./compute_pi.x 21000000000 2>/dev/null
90.888183	mpiexec -np 11 ./compute_pi.x 19250000000 2>/dev/null
77.132070	mpiexec -np 10 ./compute_pi.x 17500000000 2>/dev/null
76.181730	mpiexec -np 9 ./compute_pi.x 15750000000 2>/dev/null
76.092550	mpiexec -np 8 ./compute_pi.x 14000000000 2>/dev/null
76.775857	mpiexec -np 7 ./compute_pi.x 12250000000 2>/dev/null
76.269432	mpiexec -np 6 ./compute_pi.x 10500000000 2>/dev/null
77.762590	mpiexec -np 5 ./compute_pi.x 8750000000 2>/dev/null
87.038104	mpiexec -np 4 ./compute_pi.x 7000000000 2>/dev/null
73.148486	mpiexec -np 3 ./compute_pi.x 5250000000 2>/dev/null
73.871040	mpiexec -np 2 ./compute_pi.x 3500000000 2>/dev/null
73.399087	mpiexec -np 1 ./compute_pi.x 1750000000 2>/dev/null
72.603729	mpiexec -np 12 ./compute_pi.x 700000000 2>/dev/null
2.588971	mpiexec -np 11 ./compute_pi.x 700000000 2>/dev/null
2.809161	mpiexec -np 10 ./compute_pi.x 700000000 2>/dev/null
3.106227	mpiexec -np 9 ./compute_pi.x 700000000 2>/dev/null
4.904629	mpiexec -np 8 ./compute_pi.x 700000000 2>/dev/null
5.455438	mpiexec -np 7 ./compute_pi.x 700000000 2>/dev/null
4.413732	mpiexec -np 6 ./compute_pi.x 700000000 2>/dev/null
5.178694	mpiexec -np 5 ./compute_pi.x 700000000 2>/dev/null
6.111444	mpiexec -np 4 ./compute_pi.x 700000000 2>/dev/null
8.956684	mpiexec -np 3 ./compute_pi.x 700000000 2>/dev/null
9.939110	mpiexec -np 2 ./compute_pi.x 700000000 2>/dev/null
15.078278	mpiexec -np 1 ./compute_pi.x 700000000 2>/dev/null
29.108966	mpiexec -np 12 ./compute_pi.x 840000000 2>/dev/null
3.103962	mpiexec -np 11 ./compute_pi.x 770000000 2>/dev/null
3.052057	mpiexec -np 10 ./compute_pi.x 700000000 2>/dev/null
3.086999	mpiexec -np 9 ./compute_pi.x 630000000 2>/dev/null
3.081706	mpiexec -np 8 ./compute_pi.x 560000000 2>/dev/null
3.049466	mpiexec -np 7 ./compute_pi.x 490000000 2>/dev/null
3.048033	mpiexec -np 6 ./compute_pi.x 420000000 2>/dev/null
3.077967	mpiexec -np 5 ./compute_pi.x 350000000 2>/dev/null
3.050734	mpiexec -np 4 ./compute_pi.x 280000000 2>/dev/null
2.951392	mpiexec -np 3 ./compute_pi.x 210000000 2>/dev/null
2.919490	mpiexec -np 2 ./compute_pi.x 140000000 2>/dev/null
4.176563	mpiexec -np 1 ./compute_pi.x 70000000 2>/dev/null
2.906757	mpiexec -np 12 ./compute_pi.x 1500000 2>/dev/null
0.005501	mpiexec -np 11 ./compute_pi.x 1500000 2>/dev/null
0.005960	mpiexec -np 10 ./compute_pi.x 1500000 2>/dev/null
0.006661	mpiexec -np 9 ./compute_pi.x 1500000 2>/dev/null
0.007296	mpiexec -np 8 ./compute_pi.x 1500000 2>/dev/null
0.008341	mpiexec -np 7 ./compute_pi.x 1500000 2>/dev/null
0.009401	mpiexec -np 6 ./compute_pi.x 1500000 2>/dev/null
0.011126	mpiexec -np 5 ./compute_pi.x 1500000 2>/dev/null
0.013258	mpiexec -np 4 ./compute_pi.x 1500000 2>/dev/null
0.022508	mpiexec -np 3 ./compute_pi.x 1500000 2>/dev/null
0.021289	mpiexec -np 2 ./compute_pi.x 1500000 2>/dev/null
0.031627	mpiexec -np 1 ./compute_pi.x 1500000 2>/dev/null
0.061036	mpiexec -np 12 ./compute_pi.x 18000000 2>/dev/null
0.071104	mpiexec -np 11 ./compute_pi.x 16500000 2>/dev/null
0.066042	mpiexec -np 10 ./compute_pi.x 15000000 2>/dev/null
0.065418	mpiexec -np 9 ./compute_pi.x 13500000 2>/dev/null
0.067049	mpiexec -np 8 ./compute_pi.x 12000000 2>/dev/null
0.066393	mpiexec -np 7 ./compute_pi.x 10500000 2>/dev/null
0.065465	mpiexec -np 6 ./compute_pi.x 9000000 2>/dev/null
0.068188	mpiexec -np 5 ./compute_pi.x 7500000 2>/dev/null
0.066585	mpiexec -np 4 ./compute_pi.x 6000000 2>/dev/null
0.062975	mpiexec -np 3 ./compute_pi.x 4500000 2>/dev/null
0.063031	mpiexec -np 2 ./compute_pi.x 3000000 2>/dev/null
0.063520	mpiexec -np 1 ./compute_pi.x 1500000 2>/dev/null
0.062156	