 plgrid/tools/gcc/4.9.2 loaded.
 plgrid/tools/java7/oracle/1.7.0_51 loaded.
 plgrid/tools/openmpi/1.10.2-gnu-4.9.2-ib loaded.
mpicc -o compute_pi.x compute_pi.c
mpiexec -np 12 ./compute_pi.x 17500000000 2>/dev/null
92.160686	mpiexec -np 11 ./compute_pi.x 17500000000 2>/dev/null
71.522959	mpiexec -np 10 ./compute_pi.x 17500000000 2>/dev/null
76.696931	mpiexec -np 9 ./compute_pi.x 17500000000 2>/dev/null
86.486026	mpiexec -np 8 ./compute_pi.x 17500000000 2>/dev/null
114.678561	mpiexec -np 7 ./compute_pi.x 17500000000 2>/dev/null
108.951936	mpiexec -np 6 ./compute_pi.x 17500000000 2>/dev/null
127.906687	mpiexec -np 5 ./compute_pi.x 17500000000 2>/dev/null
152.478585	mpiexec -np 4 ./compute_pi.x 17500000000 2>/dev/null
183.074626	mpiexec -np 3 ./compute_pi.x 17500000000 2>/dev/null
243.523062	mpiexec -np 2 ./compute_pi.x 17500000000 2>/dev/null
368.466277	mpiexec -np 1 ./compute_pi.x 17500000000 2>/dev/null
727.276023	mpiexec -np 12 ./compute_pi.x 21000000000 2>/dev/null
77.636342	mpiexec -np 11 ./compute_pi.x 19250000000 2>/dev/null
78.080506	mpiexec -np 10 ./compute_pi.x 17500000000 2>/dev/null
77.819511	mpiexec -np 9 ./compute_pi.x 15750000000 2>/dev/null
76.650060	mpiexec -np 8 ./compute_pi.x 14000000000 2>/dev/null
76.206577	mpiexec -np 7 ./compute_pi.x 12250000000 2>/dev/null
77.790189	mpiexec -np 6 ./compute_pi.x 10500000000 2>/dev/null
76.261730	mpiexec -np 5 ./compute_pi.x 8750000000 2>/dev/null
76.184197	mpiexec -np 4 ./compute_pi.x 7000000000 2>/dev/null
73.400723	mpiexec -np 3 ./compute_pi.x 5250000000 2>/dev/null
73.024422	mpiexec -np 2 ./compute_pi.x 3500000000 2>/dev/null
73.232734	mpiexec -np 1 ./compute_pi.x 1750000000 2>/dev/null
72.578206	mpiexec -np 12 ./compute_pi.x 700000000 2>/dev/null
2.641178	mpiexec -np 11 ./compute_pi.x 700000000 2>/dev/null
2.825360	mpiexec -np 10 ./compute_pi.x 700000000 2>/dev/null
3.107662	mpiexec -np 9 ./compute_pi.x 700000000 2>/dev/null
3.382645	mpiexec -np 8 ./compute_pi.x 700000000 2>/dev/null
3.989942	mpiexec -np 7 ./compute_pi.x 700000000 2>/dev/null
4.459707	mpiexec -np 6 ./compute_pi.x 700000000 2>/dev/null
5.085676	mpiexec -np 5 ./compute_pi.x 700000000 2>/dev/null
7.286359	mpiexec -np 4 ./compute_pi.x 700000000 2>/dev/null
7.324551	mpiexec -np 3 ./compute_pi.x 700000000 2>/dev/null
9.831589	mpiexec -np 2 ./compute_pi.x 700000000 2>/dev/null
14.668163	mpiexec -np 1 ./compute_pi.x 700000000 2>/dev/null
29.052144	mpiexec -np 12 ./compute_pi.x 840000000 2>/dev/null
3.119699	mpiexec -np 11 ./compute_pi.x 770000000 2>/dev/null
3.196537	mpiexec -np 10 ./compute_pi.x 700000000 2>/dev/null
3.043755	mpiexec -np 9 ./compute_pi.x 630000000 2>/dev/null
3.633674	mpiexec -np 8 ./compute_pi.x 560000000 2>/dev/null
3.060719	mpiexec -np 7 ./compute_pi.x 490000000 2>/dev/null
4.369315	mpiexec -np 6 ./compute_pi.x 420000000 2>/dev/null
3.056515	mpiexec -np 5 ./compute_pi.x 350000000 2>/dev/null
3.054829	mpiexec -np 4 ./compute_pi.x 280000000 2>/dev/null
2.934101	mpiexec -np 3 ./compute_pi.x 210000000 2>/dev/null
2.936885	mpiexec -np 2 ./compute_pi.x 140000000 2>/dev/null
2.934857	mpiexec -np 1 ./compute_pi.x 70000000 2>/dev/null
2.951614	mpiexec -np 12 ./compute_pi.x 1500000 2>/dev/null
0.005553	mpiexec -np 11 ./compute_pi.x 1500000 2>/dev/null
0.006006	mpiexec -np 10 ./compute_pi.x 1500000 2>/dev/null
0.006603	mpiexec -np 9 ./compute_pi.x 1500000 2>/dev/null
0.007415	mpiexec -np 8 ./compute_pi.x 1500000 2>/dev/null
0.008221	mpiexec -np 7 ./compute_pi.x 1500000 2>/dev/null
0.009359	mpiexec -np 6 ./compute_pi.x 1500000 2>/dev/null
0.011068	mpiexec -np 5 ./compute_pi.x 1500000 2>/dev/null
0.013058	mpiexec -np 4 ./compute_pi.x 1500000 2>/dev/null
0.015751	mpiexec -np 3 ./compute_pi.x 1500000 2>/dev/null
0.021396	mpiexec -np 2 ./compute_pi.x 1500000 2>/dev/null
0.031504	mpiexec -np 1 ./compute_pi.x 1500000 2>/dev/null
0.061520	mpiexec -np 12 ./compute_pi.x 18000000 2>/dev/null
0.065328	mpiexec -np 11 ./compute_pi.x 16500000 2>/dev/null
0.066882	mpiexec -np 10 ./compute_pi.x 15000000 2>/dev/null
0.065920	mpiexec -np 9 ./compute_pi.x 13500000 2>/dev/null
0.066971	mpiexec -np 8 ./compute_pi.x 12000000 2>/dev/null
0.065392	mpiexec -np 7 ./compute_pi.x 10500000 2>/dev/null
0.066572	mpiexec -np 6 ./compute_pi.x 9000000 2>/dev/null
0.068280	mpiexec -np 5 ./compute_pi.x 7500000 2>/dev/null
0.078109	mpiexec -np 4 ./compute_pi.x 6000000 2>/dev/null
0.063935	mpiexec -np 3 ./compute_pi.x 4500000 2>/dev/null
0.065853	mpiexec -np 2 ./compute_pi.x 3000000 2>/dev/null
0.063497	mpiexec -np 1 ./compute_pi.x 1500000 2>/dev/null
0.062306	